2024-05-26T11:52:08.494Z [bella-burger-api] info : Bella Burger API is running on port 3000
2024-05-26T15:00:26.661Z [bella-burger-api] info : GET /products
2024-05-26T15:00:26.665Z [bella-burger-api] info : GET /orders
2024-05-26T15:00:26.667Z [bella-burger-api] info : GET /users
2024-05-26T15:00:26.785Z [bella-burger-api] info : GET /products/:id
2024-05-26T15:00:26.785Z [bella-burger-api] info : GET /user/:id
2024-05-26T15:00:26.794Z [bella-burger-api] info : GET /orders/:id
2024-05-26T15:01:18.008Z [bella-burger-api] info : GET /users
2024-05-26T15:01:18.013Z [bella-burger-api] info : GET /products
2024-05-26T15:01:18.113Z [bella-burger-api] info : GET /user/:id
2024-05-26T15:01:18.124Z [bella-burger-api] info : GET /products/:id
2024-05-26T15:01:18.137Z [bella-burger-api] info : GET /orders
2024-05-26T15:01:18.239Z [bella-burger-api] info : GET /orders/:id
2024-05-26T15:01:58.978Z [bella-burger-api] info : GET /products
2024-05-26T15:01:59.057Z [bella-burger-api] info : GET /orders
2024-05-26T15:01:59.079Z [bella-burger-api] info : GET /products/:id
2024-05-26T15:01:59.162Z [bella-burger-api] info : GET /orders/:id
2024-05-26T15:01:59.311Z [bella-burger-api] info : GET /users
2024-05-26T15:01:59.415Z [bella-burger-api] info : GET /user/:id
2024-05-26T15:01:59.610Z [bella-burger-api] info : POST /users - {"name":"Márcio Nelson Pinto","email":"marcio.nelson.pinto@unifox.com.br","confirm_email":"marcio.nelson.pinto@unifox.com.br","password":"$2b$10$/QetqdWHs98TJ7z2ZLp/Se/Oo3SEty..V7c5Qbaq8q9P8Gox/Eon6","confirm_password":"$2b$10$/QetqdWHs98TJ7z2ZLp/Se/Oo3SEty..V7c5Qbaq8q9P8Gox/Eon6","salon":false,"kitchen":true,"id":20}
2024-05-26T16:40:38.768Z [bella-burger-api] info : GET /users
2024-05-26T16:40:38.769Z [bella-burger-api] info : GET /orders
2024-05-26T16:40:38.772Z [bella-burger-api] info : GET /products
2024-05-26T16:40:38.876Z [bella-burger-api] info : GET /orders/:id
2024-05-26T16:40:38.878Z [bella-burger-api] info : GET /user/:id
2024-05-26T16:40:38.879Z [bella-burger-api] info : GET /products/:id
2024-05-26T16:40:39.059Z [bella-burger-api] info : POST /users - {"name":"Márcio Nelson Pinto","email":"marcio.nelson.pinto@unifox.com.br","confirm_email":"marcio.nelson.pinto@unifox.com.br","password":"$2b$10$u1sss7donG4z1A9sLTuCoOLkld7H1agz8XYhE5pPLZOIQFqi8J3Gq","confirm_password":"$2b$10$u1sss7donG4z1A9sLTuCoOLkld7H1agz8XYhE5pPLZOIQFqi8J3Gq","salon":false,"kitchen":true,"id":21}
2024-05-26T17:08:22.328Z [bella-burger-api] info : GET /orders
2024-05-26T17:08:22.327Z [bella-burger-api] info : GET /products
2024-05-26T17:08:22.326Z [bella-burger-api] info : GET /users
2024-05-26T17:08:22.430Z [bella-burger-api] info : GET /products/:id
2024-05-26T17:08:22.431Z [bella-burger-api] info : GET /user/:id
2024-05-26T17:08:22.434Z [bella-burger-api] info : GET /orders/:id
2024-05-26T17:08:22.614Z [bella-burger-api] info : POST /users - {"name":"Márcio Nelson Pinto","email":"marcio.nelson.pinto@unifox.com.br","confirm_email":"marcio.nelson.pinto@unifox.com.br","password":"$2b$10$VG9a0DlaUxY1rHqs9cSFYe2GqqerhjoA.Ty7.K0KtPRmF7ln.gJ4i","confirm_password":"$2b$10$VG9a0DlaUxY1rHqs9cSFYe2GqqerhjoA.Ty7.K0KtPRmF7ln.gJ4i","salon":false,"kitchen":true,"id":22}
2024-05-26T17:08:22.621Z [bella-burger-api] error : POST  - duplicar valor da chave viola a restrição de unicidade "UQ_ac832121b6c331b084ecc4121fd"
2024-05-26T17:10:10.890Z [bella-burger-api] info : GET /products
2024-05-26T17:10:10.893Z [bella-burger-api] info : GET /orders
2024-05-26T17:10:10.893Z [bella-burger-api] info : GET /users
2024-05-26T17:10:10.983Z [bella-burger-api] info : GET /user/:id
2024-05-26T17:10:10.989Z [bella-burger-api] info : GET /orders/:id
2024-05-26T17:10:11.004Z [bella-burger-api] info : GET /products/:id
2024-05-26T17:10:11.137Z [bella-burger-api] info : POST /users - {"name":"Márcio Nelson Pinto","email":"marcio.nelson.pinto@unifox.com.br","confirm_email":"marcio.nelson.pinto@unifox.com.br","password":"$2b$10$KXQfR9GbBjqK4CjRPAJc6epxF1Xt8Og4QOewG8mjxdJ0IpCPfeAxy","confirm_password":"$2b$10$KXQfR9GbBjqK4CjRPAJc6epxF1Xt8Og4QOewG8mjxdJ0IpCPfeAxy","salon":false,"kitchen":true,"id":23}
2024-05-26T17:10:11.137Z [bella-burger-api] error : POST  - duplicar valor da chave viola a restrição de unicidade "UQ_ac832121b6c331b084ecc4121fd"
2024-05-26T17:11:15.925Z [bella-burger-api] info : GET /users
2024-05-26T17:11:15.926Z [bella-burger-api] info : GET /products
2024-05-26T17:11:16.006Z [bella-burger-api] info : GET /products/:id
2024-05-26T17:11:16.005Z [bella-burger-api] info : GET /user/:id
2024-05-26T17:11:16.075Z [bella-burger-api] info : GET /orders
2024-05-26T17:11:16.148Z [bella-burger-api] info : POST /users - {"name":"Márcio Nelson Pinto","email":"marcio.nelson.pinto@unifox.com.br","confirm_email":"marcio.nelson.pinto@unifox.com.br","password":"$2b$10$iHANjD5cZkcNmKC.YuQ.mOK9lq4Fo2ew.1civGJBFejkjj9mp0VPC","confirm_password":"$2b$10$iHANjD5cZkcNmKC.YuQ.mOK9lq4Fo2ew.1civGJBFejkjj9mp0VPC","salon":false,"kitchen":true,"id":24}
2024-05-26T17:11:16.155Z [bella-burger-api] info : GET /orders/:id
2024-05-26T17:11:16.293Z [bella-burger-api] error : POST  - duplicar valor da chave viola a restrição de unicidade "UQ_ac832121b6c331b084ecc4121fd"
2024-05-26T17:13:02.198Z [bella-burger-api] info : GET /users
2024-05-26T17:13:02.203Z [bella-burger-api] info : GET /products
2024-05-26T17:13:02.286Z [bella-burger-api] info : GET /products/:id
2024-05-26T17:13:02.283Z [bella-burger-api] info : GET /user/:id
2024-05-26T17:13:02.288Z [bella-burger-api] info : GET /orders
2024-05-26T17:13:02.366Z [bella-burger-api] info : GET /orders/:id
2024-05-26T17:13:02.424Z [bella-burger-api] info : POST /users - {"name":"Márcio Nelson Pinto","email":"marcio.nelson.pinto@unifox.com.br","confirm_email":"marcio.nelson.pinto@unifox.com.br","password":"$2b$10$IG2tqzen38/27jb40yx.kuvkrPk5h9AA31q0lBfLRUOCgMKURwav2","confirm_password":"$2b$10$IG2tqzen38/27jb40yx.kuvkrPk5h9AA31q0lBfLRUOCgMKURwav2","salon":false,"kitchen":true,"id":25}
2024-05-26T17:13:02.493Z [bella-burger-api] error : POST  - duplicar valor da chave viola a restrição de unicidade "UQ_ac832121b6c331b084ecc4121fd"
